<html>
<head>
<title>TestNG:  Test-Runner chrome</title>
<link href="../testng.css" rel="stylesheet" type="text/css" />
<link href="../my-testng.css" rel="stylesheet" type="text/css" />

<style type="text/css">
.log { display: none;} 
.stack-trace { display: none;} 
</style>
<script type="text/javascript">
<!--
function flip(e) {
  current = e.style.display;
  if (current == 'block') {
    e.style.display = 'none';
    return 0;
  }
  else {
    e.style.display = 'block';
    return 1;
  }
}

function toggleBox(szDivId, elem, msg1, msg2)
{
  var res = -1;  if (document.getElementById) {
    res = flip(document.getElementById(szDivId));
  }
  else if (document.all) {
    // this is the way old msie versions work
    res = flip(document.all[szDivId]);
  }
  if(elem) {
    if(res == 0) elem.innerHTML = msg1; else elem.innerHTML = msg2;
  }

}

function toggleAllBoxes() {
  if (document.getElementsByTagName) {
    d = document.getElementsByTagName('div');
    for (i = 0; i < d.length; i++) {
      if (d[i].className == 'log') {
        flip(d[i]);
      }
    }
  }
}

// -->
</script>

</head>
<body>
<h2 align='center'>Test-Runner chrome</h2><table border='1' align="center">
<tr>
<td>Tests passed/Failed/Skipped:</td><td>0/0/3</td>
</tr><tr>
<td>Started on:</td><td>Thu Mar 03 14:45:03 IST 2022</td>
</tr>
<tr><td>Total time:</td><td>18 seconds (18669 ms)</td>
</tr><tr>
<td>Included groups:</td><td></td>
</tr><tr>
<td>Excluded groups:</td><td></td>
</tr>
</table><p/>
<small><i>(Hover the method name to see the test class name)</i></small><p/>
<table width='100%' border='1' class='invocation-failed'>
<tr><td colspan='4' align='center'><b>FAILED CONFIGURATIONS</b></td></tr>
<tr><td><b>Test method</b></td>
<td width="30%"><b>Exception</b></td>
<td width="10%"><b>Time (seconds)</b></td>
<td><b>Instance</b></td>
</tr>
<tr>
<td title='com.crm.OrganizationTests.CreateOrg1Test.launchTheBrowser()'><b>launchTheBrowser</b><br>Test class: com.crm.OrganizationTests.CreateOrg1Test<br>Parameters: Chrome</td>
<td><div><pre>io.github.bonigarcia.wdm.WebDriverManagerException: io.github.bonigarcia.wdm.WebDriverManagerException: chromedriver 98.0.4758.102 for WIN32 not found in http://npm.taobao.org/mirrors/chromedriver/
	at io.github.bonigarcia.wdm.WebDriverManager.handleException(WebDriverManager.java:776)
	at io.github.bonigarcia.wdm.WebDriverManager.manage(WebDriverManager.java:550)
	at io.github.bonigarcia.wdm.WebDriverManager.handleException(WebDriverManager.java:773)
	at io.github.bonigarcia.wdm.WebDriverManager.manage(WebDriverManager.java:550)
	at io.github.bonigarcia.wdm.WebDriverManager.handleException(WebDriverManager.java:766)
	at io.github.bonigarcia.wdm.WebDriverManager.manage(WebDriverManager.java:550)
	at io.github.bonigarcia.wdm.WebDriverManager.setup(WebDriverManager.java:260)
	at com.crm.GenericLibrary.BaseclassUtility.launchTheBrowser(BaseclassUtility.java:56)
	at java.util.concurrent.FutureTask.run(FutureTask.java:266)
	at java.util.concurrent.ThreadPoolExecutor.runWorker(ThreadPoolExecutor.java:1149)
	at java.util.concurrent.ThreadPoolExecutor$Worker.run(ThreadPoolExecutor.java:624)
	at java.lang.Thread.run(Thread.java:748)
Caused by: io.github.bonigarcia.wdm.WebDriverManagerException: chromedriver 98.0.4758.102 for WIN32 not found in http://npm.taobao.org/mirrors/chromedriver/
	at io.github.bonigarcia.wdm.WebDriverManager.downloadAndExport(WebDriverManager.java:575)
	at io.github.bonigarcia.wdm.WebDriverManager.manage(WebDriverManager.java:547)
	... 25 more
... Removed 15 stack frames</pre></div><a href='#' onClick='toggleBox("stack-trace5043088", this, "Click to show all stack frames", "Click to hide stack frames")'>Click to show all stack frames</a>
<div class='stack-trace' id='stack-trace5043088'><pre>io.github.bonigarcia.wdm.WebDriverManagerException: io.github.bonigarcia.wdm.WebDriverManagerException: chromedriver 98.0.4758.102 for WIN32 not found in http://npm.taobao.org/mirrors/chromedriver/
	at io.github.bonigarcia.wdm.WebDriverManager.handleException(WebDriverManager.java:776)
	at io.github.bonigarcia.wdm.WebDriverManager.manage(WebDriverManager.java:550)
	at io.github.bonigarcia.wdm.WebDriverManager.handleException(WebDriverManager.java:773)
	at io.github.bonigarcia.wdm.WebDriverManager.manage(WebDriverManager.java:550)
	at io.github.bonigarcia.wdm.WebDriverManager.handleException(WebDriverManager.java:766)
	at io.github.bonigarcia.wdm.WebDriverManager.manage(WebDriverManager.java:550)
	at io.github.bonigarcia.wdm.WebDriverManager.setup(WebDriverManager.java:260)
	at com.crm.GenericLibrary.BaseclassUtility.launchTheBrowser(BaseclassUtility.java:56)
	at sun.reflect.NativeMethodAccessorImpl.invoke0(Native Method)
	at sun.reflect.NativeMethodAccessorImpl.invoke(NativeMethodAccessorImpl.java:62)
	at sun.reflect.DelegatingMethodAccessorImpl.invoke(DelegatingMethodAccessorImpl.java:43)
	at java.lang.reflect.Method.invoke(Method.java:498)
	at org.testng.internal.MethodInvocationHelper.invokeMethod(MethodInvocationHelper.java:124)
	at org.testng.internal.MethodInvocationHelper.invokeMethodConsideringTimeout(MethodInvocationHelper.java:59)
	at org.testng.internal.Invoker.invokeConfigurationMethod(Invoker.java:458)
	at org.testng.internal.Invoker.invokeConfigurations(Invoker.java:222)
	at org.testng.internal.Invoker.invokeConfigurations(Invoker.java:142)
	at org.testng.TestRunner.beforeRun(TestRunner.java:529)
	at org.testng.TestRunner.run(TestRunner.java:497)
	at org.testng.SuiteRunner.runTest(SuiteRunner.java:455)
	at org.testng.SuiteRunner.access$000(SuiteRunner.java:40)
	at org.testng.SuiteRunner$SuiteWorker.run(SuiteRunner.java:489)
	at org.testng.internal.thread.ThreadUtil$1.call(ThreadUtil.java:52)
	at java.util.concurrent.FutureTask.run(FutureTask.java:266)
	at java.util.concurrent.ThreadPoolExecutor.runWorker(ThreadPoolExecutor.java:1149)
	at java.util.concurrent.ThreadPoolExecutor$Worker.run(ThreadPoolExecutor.java:624)
	at java.lang.Thread.run(Thread.java:748)
Caused by: io.github.bonigarcia.wdm.WebDriverManagerException: chromedriver 98.0.4758.102 for WIN32 not found in http://npm.taobao.org/mirrors/chromedriver/
	at io.github.bonigarcia.wdm.WebDriverManager.downloadAndExport(WebDriverManager.java:575)
	at io.github.bonigarcia.wdm.WebDriverManager.manage(WebDriverManager.java:547)
	... 25 more
</pre></div></td>
<td>18</td>
<td>com.crm.OrganizationTests.CreateOrg1Test@d4004b</td></tr>
</table><p>
<table width='100%' border='1' class='invocation-skipped'>
<tr><td colspan='4' align='center'><b>SKIPPED CONFIGURATIONS</b></td></tr>
<tr><td><b>Test method</b></td>
<td width="30%"><b>Exception</b></td>
<td width="10%"><b>Time (seconds)</b></td>
<td><b>Instance</b></td>
</tr>
<tr>
<td title='com.crm.OrganizationTests.CreateOrg1Test.login()'><b>login</b><br>Test class: com.crm.OrganizationTests.CreateOrg1Test</td>
<td></td>
<td>0</td>
<td>com.crm.OrganizationTests.CreateOrg1Test@d4004b</td></tr>
<tr>
<td title='com.crm.OrganizationTests.CreateOrgWithIndTypeTest.login()'><b>login</b><br>Test class: com.crm.OrganizationTests.CreateOrgWithIndTypeTest</td>
<td></td>
<td>0</td>
<td>com.crm.OrganizationTests.CreateOrgWithIndTypeTest@1f5b51f</td></tr>
<tr>
<td title='com.crm.OrganizationTests.CreateOrgWithIndTypeTest.login()'><b>login</b><br>Test class: com.crm.OrganizationTests.CreateOrgWithIndTypeTest</td>
<td></td>
<td>0</td>
<td>com.crm.OrganizationTests.CreateOrgWithIndTypeTest@1f5b51f</td></tr>
<tr>
<td title='com.crm.OrganizationTests.CreateOrg1Test.logout()'><b>logout</b><br>Test class: com.crm.OrganizationTests.CreateOrg1Test</td>
<td></td>
<td>0</td>
<td>com.crm.OrganizationTests.CreateOrg1Test@d4004b</td></tr>
<tr>
<td title='com.crm.OrganizationTests.CreateOrgWithIndTypeTest.logout()'><b>logout</b><br>Test class: com.crm.OrganizationTests.CreateOrgWithIndTypeTest</td>
<td></td>
<td>0</td>
<td>com.crm.OrganizationTests.CreateOrgWithIndTypeTest@1f5b51f</td></tr>
<tr>
<td title='com.crm.OrganizationTests.CreateOrgWithIndTypeTest.logout()'><b>logout</b><br>Test class: com.crm.OrganizationTests.CreateOrgWithIndTypeTest</td>
<td></td>
<td>0</td>
<td>com.crm.OrganizationTests.CreateOrgWithIndTypeTest@1f5b51f</td></tr>
<tr>
<td title='com.crm.OrganizationTests.CreateOrg1Test.closeBrowser()'><b>closeBrowser</b><br>Test class: com.crm.OrganizationTests.CreateOrg1Test</td>
<td></td>
<td>0</td>
<td>com.crm.OrganizationTests.CreateOrg1Test@d4004b</td></tr>
</table><p>
<table width='100%' border='1' class='invocation-skipped'>
<tr><td colspan='4' align='center'><b>SKIPPED TESTS</b></td></tr>
<tr><td><b>Test method</b></td>
<td width="30%"><b>Exception</b></td>
<td width="10%"><b>Time (seconds)</b></td>
<td><b>Instance</b></td>
</tr>
<tr>
<td title='com.crm.OrganizationTests.CreateOrgWithIndTypeTest.createOrgwithIndType()'><b>createOrgwithIndType</b><br>Test class: com.crm.OrganizationTests.CreateOrgWithIndTypeTest</td>
<td><div><pre>io.github.bonigarcia.wdm.WebDriverManagerException: io.github.bonigarcia.wdm.WebDriverManagerException: chromedriver 98.0.4758.102 for WIN32 not found in http://npm.taobao.org/mirrors/chromedriver/
	at io.github.bonigarcia.wdm.WebDriverManager.handleException(WebDriverManager.java:776)
	at io.github.bonigarcia.wdm.WebDriverManager.manage(WebDriverManager.java:550)
	at io.github.bonigarcia.wdm.WebDriverManager.handleException(WebDriverManager.java:773)
	at io.github.bonigarcia.wdm.WebDriverManager.manage(WebDriverManager.java:550)
	at io.github.bonigarcia.wdm.WebDriverManager.handleException(WebDriverManager.java:766)
	at io.github.bonigarcia.wdm.WebDriverManager.manage(WebDriverManager.java:550)
	at io.github.bonigarcia.wdm.WebDriverManager.setup(WebDriverManager.java:260)
	at com.crm.GenericLibrary.BaseclassUtility.launchTheBrowser(BaseclassUtility.java:56)
	at java.util.concurrent.FutureTask.run(FutureTask.java:266)
	at java.util.concurrent.ThreadPoolExecutor.runWorker(ThreadPoolExecutor.java:1149)
	at java.util.concurrent.ThreadPoolExecutor$Worker.run(ThreadPoolExecutor.java:624)
	at java.lang.Thread.run(Thread.java:748)
Caused by: io.github.bonigarcia.wdm.WebDriverManagerException: chromedriver 98.0.4758.102 for WIN32 not found in http://npm.taobao.org/mirrors/chromedriver/
	at io.github.bonigarcia.wdm.WebDriverManager.downloadAndExport(WebDriverManager.java:575)
	at io.github.bonigarcia.wdm.WebDriverManager.manage(WebDriverManager.java:547)
	... 25 more
... Removed 15 stack frames</pre></div><a href='#' onClick='toggleBox("stack-trace27638218", this, "Click to show all stack frames", "Click to hide stack frames")'>Click to show all stack frames</a>
<div class='stack-trace' id='stack-trace27638218'><pre>io.github.bonigarcia.wdm.WebDriverManagerException: io.github.bonigarcia.wdm.WebDriverManagerException: chromedriver 98.0.4758.102 for WIN32 not found in http://npm.taobao.org/mirrors/chromedriver/
	at io.github.bonigarcia.wdm.WebDriverManager.handleException(WebDriverManager.java:776)
	at io.github.bonigarcia.wdm.WebDriverManager.manage(WebDriverManager.java:550)
	at io.github.bonigarcia.wdm.WebDriverManager.handleException(WebDriverManager.java:773)
	at io.github.bonigarcia.wdm.WebDriverManager.manage(WebDriverManager.java:550)
	at io.github.bonigarcia.wdm.WebDriverManager.handleException(WebDriverManager.java:766)
	at io.github.bonigarcia.wdm.WebDriverManager.manage(WebDriverManager.java:550)
	at io.github.bonigarcia.wdm.WebDriverManager.setup(WebDriverManager.java:260)
	at com.crm.GenericLibrary.BaseclassUtility.launchTheBrowser(BaseclassUtility.java:56)
	at sun.reflect.NativeMethodAccessorImpl.invoke0(Native Method)
	at sun.reflect.NativeMethodAccessorImpl.invoke(NativeMethodAccessorImpl.java:62)
	at sun.reflect.DelegatingMethodAccessorImpl.invoke(DelegatingMethodAccessorImpl.java:43)
	at java.lang.reflect.Method.invoke(Method.java:498)
	at org.testng.internal.MethodInvocationHelper.invokeMethod(MethodInvocationHelper.java:124)
	at org.testng.internal.MethodInvocationHelper.invokeMethodConsideringTimeout(MethodInvocationHelper.java:59)
	at org.testng.internal.Invoker.invokeConfigurationMethod(Invoker.java:458)
	at org.testng.internal.Invoker.invokeConfigurations(Invoker.java:222)
	at org.testng.internal.Invoker.invokeConfigurations(Invoker.java:142)
	at org.testng.TestRunner.beforeRun(TestRunner.java:529)
	at org.testng.TestRunner.run(TestRunner.java:497)
	at org.testng.SuiteRunner.runTest(SuiteRunner.java:455)
	at org.testng.SuiteRunner.access$000(SuiteRunner.java:40)
	at org.testng.SuiteRunner$SuiteWorker.run(SuiteRunner.java:489)
	at org.testng.internal.thread.ThreadUtil$1.call(ThreadUtil.java:52)
	at java.util.concurrent.FutureTask.run(FutureTask.java:266)
	at java.util.concurrent.ThreadPoolExecutor.runWorker(ThreadPoolExecutor.java:1149)
	at java.util.concurrent.ThreadPoolExecutor$Worker.run(ThreadPoolExecutor.java:624)
	at java.lang.Thread.run(Thread.java:748)
Caused by: io.github.bonigarcia.wdm.WebDriverManagerException: chromedriver 98.0.4758.102 for WIN32 not found in http://npm.taobao.org/mirrors/chromedriver/
	at io.github.bonigarcia.wdm.WebDriverManager.downloadAndExport(WebDriverManager.java:575)
	at io.github.bonigarcia.wdm.WebDriverManager.manage(WebDriverManager.java:547)
	... 25 more
</pre></div></td>
<td>0</td>
<td>com.crm.OrganizationTests.CreateOrgWithIndTypeTest@1f5b51f</td></tr>
<tr>
<td title='com.crm.OrganizationTests.CreateOrgWithIndTypeTest.createSample()'><b>createSample</b><br>Test class: com.crm.OrganizationTests.CreateOrgWithIndTypeTest</td>
<td><div><pre>io.github.bonigarcia.wdm.WebDriverManagerException: io.github.bonigarcia.wdm.WebDriverManagerException: chromedriver 98.0.4758.102 for WIN32 not found in http://npm.taobao.org/mirrors/chromedriver/
	at io.github.bonigarcia.wdm.WebDriverManager.handleException(WebDriverManager.java:776)
	at io.github.bonigarcia.wdm.WebDriverManager.manage(WebDriverManager.java:550)
	at io.github.bonigarcia.wdm.WebDriverManager.handleException(WebDriverManager.java:773)
	at io.github.bonigarcia.wdm.WebDriverManager.manage(WebDriverManager.java:550)
	at io.github.bonigarcia.wdm.WebDriverManager.handleException(WebDriverManager.java:766)
	at io.github.bonigarcia.wdm.WebDriverManager.manage(WebDriverManager.java:550)
	at io.github.bonigarcia.wdm.WebDriverManager.setup(WebDriverManager.java:260)
	at com.crm.GenericLibrary.BaseclassUtility.launchTheBrowser(BaseclassUtility.java:56)
	at java.util.concurrent.FutureTask.run(FutureTask.java:266)
	at java.util.concurrent.ThreadPoolExecutor.runWorker(ThreadPoolExecutor.java:1149)
	at java.util.concurrent.ThreadPoolExecutor$Worker.run(ThreadPoolExecutor.java:624)
	at java.lang.Thread.run(Thread.java:748)
Caused by: io.github.bonigarcia.wdm.WebDriverManagerException: chromedriver 98.0.4758.102 for WIN32 not found in http://npm.taobao.org/mirrors/chromedriver/
	at io.github.bonigarcia.wdm.WebDriverManager.downloadAndExport(WebDriverManager.java:575)
	at io.github.bonigarcia.wdm.WebDriverManager.manage(WebDriverManager.java:547)
	... 25 more
... Removed 15 stack frames</pre></div><a href='#' onClick='toggleBox("stack-trace928209", this, "Click to show all stack frames", "Click to hide stack frames")'>Click to show all stack frames</a>
<div class='stack-trace' id='stack-trace928209'><pre>io.github.bonigarcia.wdm.WebDriverManagerException: io.github.bonigarcia.wdm.WebDriverManagerException: chromedriver 98.0.4758.102 for WIN32 not found in http://npm.taobao.org/mirrors/chromedriver/
	at io.github.bonigarcia.wdm.WebDriverManager.handleException(WebDriverManager.java:776)
	at io.github.bonigarcia.wdm.WebDriverManager.manage(WebDriverManager.java:550)
	at io.github.bonigarcia.wdm.WebDriverManager.handleException(WebDriverManager.java:773)
	at io.github.bonigarcia.wdm.WebDriverManager.manage(WebDriverManager.java:550)
	at io.github.bonigarcia.wdm.WebDriverManager.handleException(WebDriverManager.java:766)
	at io.github.bonigarcia.wdm.WebDriverManager.manage(WebDriverManager.java:550)
	at io.github.bonigarcia.wdm.WebDriverManager.setup(WebDriverManager.java:260)
	at com.crm.GenericLibrary.BaseclassUtility.launchTheBrowser(BaseclassUtility.java:56)
	at sun.reflect.NativeMethodAccessorImpl.invoke0(Native Method)
	at sun.reflect.NativeMethodAccessorImpl.invoke(NativeMethodAccessorImpl.java:62)
	at sun.reflect.DelegatingMethodAccessorImpl.invoke(DelegatingMethodAccessorImpl.java:43)
	at java.lang.reflect.Method.invoke(Method.java:498)
	at org.testng.internal.MethodInvocationHelper.invokeMethod(MethodInvocationHelper.java:124)
	at org.testng.internal.MethodInvocationHelper.invokeMethodConsideringTimeout(MethodInvocationHelper.java:59)
	at org.testng.internal.Invoker.invokeConfigurationMethod(Invoker.java:458)
	at org.testng.internal.Invoker.invokeConfigurations(Invoker.java:222)
	at org.testng.internal.Invoker.invokeConfigurations(Invoker.java:142)
	at org.testng.TestRunner.beforeRun(TestRunner.java:529)
	at org.testng.TestRunner.run(TestRunner.java:497)
	at org.testng.SuiteRunner.runTest(SuiteRunner.java:455)
	at org.testng.SuiteRunner.access$000(SuiteRunner.java:40)
	at org.testng.SuiteRunner$SuiteWorker.run(SuiteRunner.java:489)
	at org.testng.internal.thread.ThreadUtil$1.call(ThreadUtil.java:52)
	at java.util.concurrent.FutureTask.run(FutureTask.java:266)
	at java.util.concurrent.ThreadPoolExecutor.runWorker(ThreadPoolExecutor.java:1149)
	at java.util.concurrent.ThreadPoolExecutor$Worker.run(ThreadPoolExecutor.java:624)
	at java.lang.Thread.run(Thread.java:748)
Caused by: io.github.bonigarcia.wdm.WebDriverManagerException: chromedriver 98.0.4758.102 for WIN32 not found in http://npm.taobao.org/mirrors/chromedriver/
	at io.github.bonigarcia.wdm.WebDriverManager.downloadAndExport(WebDriverManager.java:575)
	at io.github.bonigarcia.wdm.WebDriverManager.manage(WebDriverManager.java:547)
	... 25 more
</pre></div></td>
<td>0</td>
<td>com.crm.OrganizationTests.CreateOrgWithIndTypeTest@1f5b51f</td></tr>
<tr>
<td title='com.crm.OrganizationTests.CreateOrg1Test.createorg()'><b>createorg</b><br>Test class: com.crm.OrganizationTests.CreateOrg1Test</td>
<td><div><pre>io.github.bonigarcia.wdm.WebDriverManagerException: io.github.bonigarcia.wdm.WebDriverManagerException: chromedriver 98.0.4758.102 for WIN32 not found in http://npm.taobao.org/mirrors/chromedriver/
	at io.github.bonigarcia.wdm.WebDriverManager.handleException(WebDriverManager.java:776)
	at io.github.bonigarcia.wdm.WebDriverManager.manage(WebDriverManager.java:550)
	at io.github.bonigarcia.wdm.WebDriverManager.handleException(WebDriverManager.java:773)
	at io.github.bonigarcia.wdm.WebDriverManager.manage(WebDriverManager.java:550)
	at io.github.bonigarcia.wdm.WebDriverManager.handleException(WebDriverManager.java:766)
	at io.github.bonigarcia.wdm.WebDriverManager.manage(WebDriverManager.java:550)
	at io.github.bonigarcia.wdm.WebDriverManager.setup(WebDriverManager.java:260)
	at com.crm.GenericLibrary.BaseclassUtility.launchTheBrowser(BaseclassUtility.java:56)
	at java.util.concurrent.FutureTask.run(FutureTask.java:266)
	at java.util.concurrent.ThreadPoolExecutor.runWorker(ThreadPoolExecutor.java:1149)
	at java.util.concurrent.ThreadPoolExecutor$Worker.run(ThreadPoolExecutor.java:624)
	at java.lang.Thread.run(Thread.java:748)
Caused by: io.github.bonigarcia.wdm.WebDriverManagerException: chromedriver 98.0.4758.102 for WIN32 not found in http://npm.taobao.org/mirrors/chromedriver/
	at io.github.bonigarcia.wdm.WebDriverManager.downloadAndExport(WebDriverManager.java:575)
	at io.github.bonigarcia.wdm.WebDriverManager.manage(WebDriverManager.java:547)
	... 25 more
... Removed 15 stack frames</pre></div><a href='#' onClick='toggleBox("stack-trace5040", this, "Click to show all stack frames", "Click to hide stack frames")'>Click to show all stack frames</a>
<div class='stack-trace' id='stack-trace5040'><pre>io.github.bonigarcia.wdm.WebDriverManagerException: io.github.bonigarcia.wdm.WebDriverManagerException: chromedriver 98.0.4758.102 for WIN32 not found in http://npm.taobao.org/mirrors/chromedriver/
	at io.github.bonigarcia.wdm.WebDriverManager.handleException(WebDriverManager.java:776)
	at io.github.bonigarcia.wdm.WebDriverManager.manage(WebDriverManager.java:550)
	at io.github.bonigarcia.wdm.WebDriverManager.handleException(WebDriverManager.java:773)
	at io.github.bonigarcia.wdm.WebDriverManager.manage(WebDriverManager.java:550)
	at io.github.bonigarcia.wdm.WebDriverManager.handleException(WebDriverManager.java:766)
	at io.github.bonigarcia.wdm.WebDriverManager.manage(WebDriverManager.java:550)
	at io.github.bonigarcia.wdm.WebDriverManager.setup(WebDriverManager.java:260)
	at com.crm.GenericLibrary.BaseclassUtility.launchTheBrowser(BaseclassUtility.java:56)
	at sun.reflect.NativeMethodAccessorImpl.invoke0(Native Method)
	at sun.reflect.NativeMethodAccessorImpl.invoke(NativeMethodAccessorImpl.java:62)
	at sun.reflect.DelegatingMethodAccessorImpl.invoke(DelegatingMethodAccessorImpl.java:43)
	at java.lang.reflect.Method.invoke(Method.java:498)
	at org.testng.internal.MethodInvocationHelper.invokeMethod(MethodInvocationHelper.java:124)
	at org.testng.internal.MethodInvocationHelper.invokeMethodConsideringTimeout(MethodInvocationHelper.java:59)
	at org.testng.internal.Invoker.invokeConfigurationMethod(Invoker.java:458)
	at org.testng.internal.Invoker.invokeConfigurations(Invoker.java:222)
	at org.testng.internal.Invoker.invokeConfigurations(Invoker.java:142)
	at org.testng.TestRunner.beforeRun(TestRunner.java:529)
	at org.testng.TestRunner.run(TestRunner.java:497)
	at org.testng.SuiteRunner.runTest(SuiteRunner.java:455)
	at org.testng.SuiteRunner.access$000(SuiteRunner.java:40)
	at org.testng.SuiteRunner$SuiteWorker.run(SuiteRunner.java:489)
	at org.testng.internal.thread.ThreadUtil$1.call(ThreadUtil.java:52)
	at java.util.concurrent.FutureTask.run(FutureTask.java:266)
	at java.util.concurrent.ThreadPoolExecutor.runWorker(ThreadPoolExecutor.java:1149)
	at java.util.concurrent.ThreadPoolExecutor$Worker.run(ThreadPoolExecutor.java:624)
	at java.lang.Thread.run(Thread.java:748)
Caused by: io.github.bonigarcia.wdm.WebDriverManagerException: chromedriver 98.0.4758.102 for WIN32 not found in http://npm.taobao.org/mirrors/chromedriver/
	at io.github.bonigarcia.wdm.WebDriverManager.downloadAndExport(WebDriverManager.java:575)
	at io.github.bonigarcia.wdm.WebDriverManager.manage(WebDriverManager.java:547)
	... 25 more
</pre></div></td>
<td>0</td>
<td>com.crm.OrganizationTests.CreateOrg1Test@d4004b</td></tr>
</table><p>
</body>
</html>